2022/08/03 18:18:14 [error] [exception.CDbException] SQLSTATE[HY000] [2002] No such file or directory
2022/08/03 18:18:14 [error] [exception.CDbException] CDbException: CDbConnection failed to open the DB connection. in /var/www/html/cliente/teste/yii/framework/db/CDbConnection.php:405
Stack trace:
#0 /var/www/html/cliente/teste/yii/framework/db/CDbConnection.php(347): CDbConnection->open()
#1 /var/www/html/cliente/teste/yii/framework/db/CDbConnection.php(325): CDbConnection->setActive(true)
#2 /var/www/html/cliente/teste/yii/framework/base/CModule.php(394): CDbConnection->init()
#3 /var/www/html/cliente/teste/yii/framework/base/CApplication.php(459): CModule->getComponent('db')
#4 /var/www/html/cliente/teste/yii/framework/db/ar/CActiveRecord.php(639): CApplication->getDb()
#5 /var/www/html/cliente/teste/yii/framework/db/ar/CActiveRecord.php(672): CActiveRecord->getDbConnection()
#6 /var/www/html/cliente/teste/yii/framework/db/ar/CActiveRecord.php(1604): CActiveRecord->getCommandBuilder()
#7 /var/www/html/cliente/teste/yii/framework/web/CActiveDataProvider.php(228): CActiveRecord->count(Object(CDbCriteria))
#8 /var/www/html/cliente/teste/yii/framework/web/CDataProvider.php(224): CActiveDataProvider->calculateTotalItemCount()
#9 /var/www/html/cliente/teste/yii/framework/web/CActiveDataProvider.php(178): CDataProvider->getTotalItemCount()
#10 /var/www/html/cliente/teste/yii/framework/web/CDataProvider.php(168): CActiveDataProvider->fetchData()
#11 /var/www/html/cliente/teste/yii/framework/zii/widgets/CBaseListView.php(125): CDataProvider->getData()
#12 /var/www/html/cliente/teste/yii/framework/zii/widgets/CListView.php(211): CBaseListView->init()
#13 /var/www/html/cliente/teste/yii/framework/web/CBaseController.php(147): CListView->init()
#14 /var/www/html/cliente/teste/yii/framework/web/CBaseController.php(181): CBaseController->createWidget('zii.widgets.CLi...', Array)
#15 /var/www/html/cliente/teste/yii/demos/blog/protected/views/post/index.php(8): CBaseController->widget('zii.widgets.CLi...', Array)
#16 /var/www/html/cliente/teste/yii/framework/web/CBaseController.php(126): require('/var/www/html/c...')
#17 /var/www/html/cliente/teste/yii/framework/web/CBaseController.php(95): CBaseController->renderInternal('/var/www/html/c...', Array, true)
#18 /var/www/html/cliente/teste/yii/framework/web/CController.php(872): CBaseController->renderFile('/var/www/html/c...', Array, true)
#19 /var/www/html/cliente/teste/yii/framework/web/CController.php(785): CController->renderPartial('index', Array, true)
#20 /var/www/html/cliente/teste/yii/demos/blog/protected/controllers/PostController.php(135): CController->render('index', Array)
#21 /var/www/html/cliente/teste/yii/framework/web/actions/CInlineAction.php(49): PostController->actionIndex()
#22 /var/www/html/cliente/teste/yii/framework/web/CController.php(308): CInlineAction->runWithParams(Array)
#23 /var/www/html/cliente/teste/yii/framework/web/filters/CFilterChain.php(134): CController->runAction(Object(CInlineAction))
#24 /var/www/html/cliente/teste/yii/framework/web/filters/CFilter.php(40): CFilterChain->run()
#25 /var/www/html/cliente/teste/yii/framework/web/CController.php(1148): CFilter->filter(Object(CFilterChain))
#26 /var/www/html/cliente/teste/yii/framework/web/filters/CInlineFilter.php(58): CController->filterAccessControl(Object(CFilterChain))
#27 /var/www/html/cliente/teste/yii/framework/web/filters/CFilterChain.php(131): CInlineFilter->filter(Object(CFilterChain))
#28 /var/www/html/cliente/teste/yii/framework/web/CController.php(291): CFilterChain->run()
#29 /var/www/html/cliente/teste/yii/framework/web/CController.php(265): CController->runActionWithFilters(Object(CInlineAction), Array)
#30 /var/www/html/cliente/teste/yii/framework/web/CWebApplication.php(282): CController->run('index')
#31 /var/www/html/cliente/teste/yii/framework/web/CWebApplication.php(141): CWebApplication->runController('post/index')
#32 /var/www/html/cliente/teste/yii/framework/base/CApplication.php(185): CWebApplication->processRequest()
#33 /var/www/html/cliente/teste/yii/demos/blog/index.php(11): CApplication->run()
#34 {main}
REQUEST_URI=/cliente/teste/yii/demos/blog/index.php/post/index
HTTP_REFERER=http://localhost/cliente/teste/yii/demos/blog/index.php/site/page?view=about
---
2022/08/03 18:18:15 [error] [exception.CDbException] SQLSTATE[HY000] [2002] No such file or directory
2022/08/03 18:18:15 [error] [exception.CDbException] CDbException: CDbConnection failed to open the DB connection. in /var/www/html/cliente/teste/yii/framework/db/CDbConnection.php:405
Stack trace:
#0 /var/www/html/cliente/teste/yii/framework/db/CDbConnection.php(347): CDbConnection->open()
#1 /var/www/html/cliente/teste/yii/framework/db/CDbConnection.php(325): CDbConnection->setActive(true)
#2 /var/www/html/cliente/teste/yii/framework/base/CModule.php(394): CDbConnection->init()
#3 /var/www/html/cliente/teste/yii/framework/base/CApplication.php(459): CModule->getComponent('db')
#4 /var/www/html/cliente/teste/yii/framework/db/ar/CActiveRecord.php(639): CApplication->getDb()
#5 /var/www/html/cliente/teste/yii/framework/db/ar/CActiveRecord.php(672): CActiveRecord->getDbConnection()
#6 /var/www/html/cliente/teste/yii/framework/db/ar/CActiveRecord.php(1604): CActiveRecord->getCommandBuilder()
#7 /var/www/html/cliente/teste/yii/framework/web/CActiveDataProvider.php(228): CActiveRecord->count(Object(CDbCriteria))
#8 /var/www/html/cliente/teste/yii/framework/web/CDataProvider.php(224): CActiveDataProvider->calculateTotalItemCount()
#9 /var/www/html/cliente/teste/yii/framework/web/CActiveDataProvider.php(178): CDataProvider->getTotalItemCount()
#10 /var/www/html/cliente/teste/yii/framework/web/CDataProvider.php(168): CActiveDataProvider->fetchData()
#11 /var/www/html/cliente/teste/yii/framework/zii/widgets/CBaseListView.php(125): CDataProvider->getData()
#12 /var/www/html/cliente/teste/yii/framework/zii/widgets/CListView.php(211): CBaseListView->init()
#13 /var/www/html/cliente/teste/yii/framework/web/CBaseController.php(147): CListView->init()
#14 /var/www/html/cliente/teste/yii/framework/web/CBaseController.php(181): CBaseController->createWidget('zii.widgets.CLi...', Array)
#15 /var/www/html/cliente/teste/yii/demos/blog/protected/views/post/index.php(8): CBaseController->widget('zii.widgets.CLi...', Array)
#16 /var/www/html/cliente/teste/yii/framework/web/CBaseController.php(126): require('/var/www/html/c...')
#17 /var/www/html/cliente/teste/yii/framework/web/CBaseController.php(95): CBaseController->renderInternal('/var/www/html/c...', Array, true)
#18 /var/www/html/cliente/teste/yii/framework/web/CController.php(872): CBaseController->renderFile('/var/www/html/c...', Array, true)
#19 /var/www/html/cliente/teste/yii/framework/web/CController.php(785): CController->renderPartial('index', Array, true)
#20 /var/www/html/cliente/teste/yii/demos/blog/protected/controllers/PostController.php(135): CController->render('index', Array)
#21 /var/www/html/cliente/teste/yii/framework/web/actions/CInlineAction.php(49): PostController->actionIndex()
#22 /var/www/html/cliente/teste/yii/framework/web/CController.php(308): CInlineAction->runWithParams(Array)
#23 /var/www/html/cliente/teste/yii/framework/web/filters/CFilterChain.php(134): CController->runAction(Object(CInlineAction))
#24 /var/www/html/cliente/teste/yii/framework/web/filters/CFilter.php(40): CFilterChain->run()
#25 /var/www/html/cliente/teste/yii/framework/web/CController.php(1148): CFilter->filter(Object(CFilterChain))
#26 /var/www/html/cliente/teste/yii/framework/web/filters/CInlineFilter.php(58): CController->filterAccessControl(Object(CFilterChain))
#27 /var/www/html/cliente/teste/yii/framework/web/filters/CFilterChain.php(131): CInlineFilter->filter(Object(CFilterChain))
#28 /var/www/html/cliente/teste/yii/framework/web/CController.php(291): CFilterChain->run()
#29 /var/www/html/cliente/teste/yii/framework/web/CController.php(265): CController->runActionWithFilters(Object(CInlineAction), Array)
#30 /var/www/html/cliente/teste/yii/framework/web/CWebApplication.php(282): CController->run('index')
#31 /var/www/html/cliente/teste/yii/framework/web/CWebApplication.php(141): CWebApplication->runController('post/index')
#32 /var/www/html/cliente/teste/yii/framework/base/CApplication.php(185): CWebApplication->processRequest()
#33 /var/www/html/cliente/teste/yii/demos/blog/index.php(11): CApplication->run()
#34 {main}
REQUEST_URI=/cliente/teste/yii/demos/blog/index.php/post/index
HTTP_REFERER=http://localhost/cliente/teste/yii/demos/blog/index.php/site/page?view=about
---
2022/08/03 18:18:17 [error] [exception.CDbException] SQLSTATE[HY000] [2002] No such file or directory
2022/08/03 18:18:17 [error] [exception.CDbException] CDbException: CDbConnection failed to open the DB connection. in /var/www/html/cliente/teste/yii/framework/db/CDbConnection.php:405
Stack trace:
#0 /var/www/html/cliente/teste/yii/framework/db/CDbConnection.php(347): CDbConnection->open()
#1 /var/www/html/cliente/teste/yii/framework/db/CDbConnection.php(325): CDbConnection->setActive(true)
#2 /var/www/html/cliente/teste/yii/framework/base/CModule.php(394): CDbConnection->init()
#3 /var/www/html/cliente/teste/yii/framework/base/CApplication.php(459): CModule->getComponent('db')
#4 /var/www/html/cliente/teste/yii/framework/db/ar/CActiveRecord.php(639): CApplication->getDb()
#5 /var/www/html/cliente/teste/yii/framework/db/ar/CActiveRecord.php(672): CActiveRecord->getDbConnection()
#6 /var/www/html/cliente/teste/yii/framework/db/ar/CActiveRecord.php(1604): CActiveRecord->getCommandBuilder()
#7 /var/www/html/cliente/teste/yii/framework/web/CActiveDataProvider.php(228): CActiveRecord->count(Object(CDbCriteria))
#8 /var/www/html/cliente/teste/yii/framework/web/CDataProvider.php(224): CActiveDataProvider->calculateTotalItemCount()
#9 /var/www/html/cliente/teste/yii/framework/web/CActiveDataProvider.php(178): CDataProvider->getTotalItemCount()
#10 /var/www/html/cliente/teste/yii/framework/web/CDataProvider.php(168): CActiveDataProvider->fetchData()
#11 /var/www/html/cliente/teste/yii/framework/zii/widgets/CBaseListView.php(125): CDataProvider->getData()
#12 /var/www/html/cliente/teste/yii/framework/zii/widgets/CListView.php(211): CBaseListView->init()
#13 /var/www/html/cliente/teste/yii/framework/web/CBaseController.php(147): CListView->init()
#14 /var/www/html/cliente/teste/yii/framework/web/CBaseController.php(181): CBaseController->createWidget('zii.widgets.CLi...', Array)
#15 /var/www/html/cliente/teste/yii/demos/blog/protected/views/post/index.php(8): CBaseController->widget('zii.widgets.CLi...', Array)
#16 /var/www/html/cliente/teste/yii/framework/web/CBaseController.php(126): require('/var/www/html/c...')
#17 /var/www/html/cliente/teste/yii/framework/web/CBaseController.php(95): CBaseController->renderInternal('/var/www/html/c...', Array, true)
#18 /var/www/html/cliente/teste/yii/framework/web/CController.php(872): CBaseController->renderFile('/var/www/html/c...', Array, true)
#19 /var/www/html/cliente/teste/yii/framework/web/CController.php(785): CController->renderPartial('index', Array, true)
#20 /var/www/html/cliente/teste/yii/demos/blog/protected/controllers/PostController.php(135): CController->render('index', Array)
#21 /var/www/html/cliente/teste/yii/framework/web/actions/CInlineAction.php(49): PostController->actionIndex()
#22 /var/www/html/cliente/teste/yii/framework/web/CController.php(308): CInlineAction->runWithParams(Array)
#23 /var/www/html/cliente/teste/yii/framework/web/filters/CFilterChain.php(134): CController->runAction(Object(CInlineAction))
#24 /var/www/html/cliente/teste/yii/framework/web/filters/CFilter.php(40): CFilterChain->run()
#25 /var/www/html/cliente/teste/yii/framework/web/CController.php(1148): CFilter->filter(Object(CFilterChain))
#26 /var/www/html/cliente/teste/yii/framework/web/filters/CInlineFilter.php(58): CController->filterAccessControl(Object(CFilterChain))
#27 /var/www/html/cliente/teste/yii/framework/web/filters/CFilterChain.php(131): CInlineFilter->filter(Object(CFilterChain))
#28 /var/www/html/cliente/teste/yii/framework/web/CController.php(291): CFilterChain->run()
#29 /var/www/html/cliente/teste/yii/framework/web/CController.php(265): CController->runActionWithFilters(Object(CInlineAction), Array)
#30 /var/www/html/cliente/teste/yii/framework/web/CWebApplication.php(282): CController->run('index')
#31 /var/www/html/cliente/teste/yii/framework/web/CWebApplication.php(141): CWebApplication->runController('post/index')
#32 /var/www/html/cliente/teste/yii/framework/base/CApplication.php(185): CWebApplication->processRequest()
#33 /var/www/html/cliente/teste/yii/demos/blog/index.php(11): CApplication->run()
#34 {main}
REQUEST_URI=/cliente/teste/yii/demos/blog/index.php/post/index
HTTP_REFERER=http://localhost/cliente/teste/yii/demos/blog/index.php/post/index
---
2022/08/03 18:18:20 [error] [exception.CDbException] SQLSTATE[HY000] [2002] No such file or directory
2022/08/03 18:18:20 [error] [exception.CDbException] CDbException: CDbConnection failed to open the DB connection. in /var/www/html/cliente/teste/yii/framework/db/CDbConnection.php:405
Stack trace:
#0 /var/www/html/cliente/teste/yii/framework/db/CDbConnection.php(347): CDbConnection->open()
#1 /var/www/html/cliente/teste/yii/framework/db/CDbConnection.php(325): CDbConnection->setActive(true)
#2 /var/www/html/cliente/teste/yii/framework/base/CModule.php(394): CDbConnection->init()
#3 /var/www/html/cliente/teste/yii/framework/base/CApplication.php(459): CModule->getComponent('db')
#4 /var/www/html/cliente/teste/yii/framework/db/ar/CActiveRecord.php(639): CApplication->getDb()
#5 /var/www/html/cliente/teste/yii/framework/db/ar/CActiveRecord.php(672): CActiveRecord->getDbConnection()
#6 /var/www/html/cliente/teste/yii/framework/db/ar/CActiveRecord.php(1604): CActiveRecord->getCommandBuilder()
#7 /var/www/html/cliente/teste/yii/framework/web/CActiveDataProvider.php(228): CActiveRecord->count(Object(CDbCriteria))
#8 /var/www/html/cliente/teste/yii/framework/web/CDataProvider.php(224): CActiveDataProvider->calculateTotalItemCount()
#9 /var/www/html/cliente/teste/yii/framework/web/CActiveDataProvider.php(178): CDataProvider->getTotalItemCount()
#10 /var/www/html/cliente/teste/yii/framework/web/CDataProvider.php(168): CActiveDataProvider->fetchData()
#11 /var/www/html/cliente/teste/yii/framework/zii/widgets/CBaseListView.php(125): CDataProvider->getData()
#12 /var/www/html/cliente/teste/yii/framework/zii/widgets/CListView.php(211): CBaseListView->init()
#13 /var/www/html/cliente/teste/yii/framework/web/CBaseController.php(147): CListView->init()
#14 /var/www/html/cliente/teste/yii/framework/web/CBaseController.php(181): CBaseController->createWidget('zii.widgets.CLi...', Array)
#15 /var/www/html/cliente/teste/yii/demos/blog/protected/views/post/index.php(8): CBaseController->widget('zii.widgets.CLi...', Array)
#16 /var/www/html/cliente/teste/yii/framework/web/CBaseController.php(126): require('/var/www/html/c...')
#17 /var/www/html/cliente/teste/yii/framework/web/CBaseController.php(95): CBaseController->renderInternal('/var/www/html/c...', Array, true)
#18 /var/www/html/cliente/teste/yii/framework/web/CController.php(872): CBaseController->renderFile('/var/www/html/c...', Array, true)
#19 /var/www/html/cliente/teste/yii/framework/web/CController.php(785): CController->renderPartial('index', Array, true)
#20 /var/www/html/cliente/teste/yii/demos/blog/protected/controllers/PostController.php(135): CController->render('index', Array)
#21 /var/www/html/cliente/teste/yii/framework/web/actions/CInlineAction.php(49): PostController->actionIndex()
#22 /var/www/html/cliente/teste/yii/framework/web/CController.php(308): CInlineAction->runWithParams(Array)
#23 /var/www/html/cliente/teste/yii/framework/web/filters/CFilterChain.php(134): CController->runAction(Object(CInlineAction))
#24 /var/www/html/cliente/teste/yii/framework/web/filters/CFilter.php(40): CFilterChain->run()
#25 /var/www/html/cliente/teste/yii/framework/web/CController.php(1148): CFilter->filter(Object(CFilterChain))
#26 /var/www/html/cliente/teste/yii/framework/web/filters/CInlineFilter.php(58): CController->filterAccessControl(Object(CFilterChain))
#27 /var/www/html/cliente/teste/yii/framework/web/filters/CFilterChain.php(131): CInlineFilter->filter(Object(CFilterChain))
#28 /var/www/html/cliente/teste/yii/framework/web/CController.php(291): CFilterChain->run()
#29 /var/www/html/cliente/teste/yii/framework/web/CController.php(265): CController->runActionWithFilters(Object(CInlineAction), Array)
#30 /var/www/html/cliente/teste/yii/framework/web/CWebApplication.php(282): CController->run('index')
#31 /var/www/html/cliente/teste/yii/framework/web/CWebApplication.php(141): CWebApplication->runController('post/index')
#32 /var/www/html/cliente/teste/yii/framework/base/CApplication.php(185): CWebApplication->processRequest()
#33 /var/www/html/cliente/teste/yii/demos/blog/index.php(11): CApplication->run()
#34 {main}
REQUEST_URI=/cliente/teste/yii/demos/blog/index.php/post/index
HTTP_REFERER=http://localhost/cliente/teste/yii/demos/blog/index.php/site/login
---
2022/08/03 18:18:36 [error] [exception.CDbException] SQLSTATE[HY000] [2002] No such file or directory
2022/08/03 18:18:36 [error] [exception.CDbException] CDbException: CDbConnection failed to open the DB connection. in /var/www/html/cliente/teste/yii/framework/db/CDbConnection.php:405
Stack trace:
#0 /var/www/html/cliente/teste/yii/framework/db/CDbConnection.php(347): CDbConnection->open()
#1 /var/www/html/cliente/teste/yii/framework/db/CDbConnection.php(325): CDbConnection->setActive(true)
#2 /var/www/html/cliente/teste/yii/framework/base/CModule.php(394): CDbConnection->init()
#3 /var/www/html/cliente/teste/yii/framework/base/CApplication.php(459): CModule->getComponent('db')
#4 /var/www/html/cliente/teste/yii/framework/db/ar/CActiveRecord.php(639): CApplication->getDb()
#5 /var/www/html/cliente/teste/yii/framework/db/ar/CActiveRecord.php(672): CActiveRecord->getDbConnection()
#6 /var/www/html/cliente/teste/yii/framework/db/ar/CActiveRecord.php(1604): CActiveRecord->getCommandBuilder()
#7 /var/www/html/cliente/teste/yii/framework/web/CActiveDataProvider.php(228): CActiveRecord->count(Object(CDbCriteria))
#8 /var/www/html/cliente/teste/yii/framework/web/CDataProvider.php(224): CActiveDataProvider->calculateTotalItemCount()
#9 /var/www/html/cliente/teste/yii/framework/web/CActiveDataProvider.php(178): CDataProvider->getTotalItemCount()
#10 /var/www/html/cliente/teste/yii/framework/web/CDataProvider.php(168): CActiveDataProvider->fetchData()
#11 /var/www/html/cliente/teste/yii/framework/zii/widgets/CBaseListView.php(125): CDataProvider->getData()
#12 /var/www/html/cliente/teste/yii/framework/zii/widgets/CListView.php(211): CBaseListView->init()
#13 /var/www/html/cliente/teste/yii/framework/web/CBaseController.php(147): CListView->init()
#14 /var/www/html/cliente/teste/yii/framework/web/CBaseController.php(181): CBaseController->createWidget('zii.widgets.CLi...', Array)
#15 /var/www/html/cliente/teste/yii/demos/blog/protected/views/post/index.php(8): CBaseController->widget('zii.widgets.CLi...', Array)
#16 /var/www/html/cliente/teste/yii/framework/web/CBaseController.php(126): require('/var/www/html/c...')
#17 /var/www/html/cliente/teste/yii/framework/web/CBaseController.php(95): CBaseController->renderInternal('/var/www/html/c...', Array, true)
#18 /var/www/html/cliente/teste/yii/framework/web/CController.php(872): CBaseController->renderFile('/var/www/html/c...', Array, true)
#19 /var/www/html/cliente/teste/yii/framework/web/CController.php(785): CController->renderPartial('index', Array, true)
#20 /var/www/html/cliente/teste/yii/demos/blog/protected/controllers/PostController.php(135): CController->render('index', Array)
#21 /var/www/html/cliente/teste/yii/framework/web/actions/CInlineAction.php(49): PostController->actionIndex()
#22 /var/www/html/cliente/teste/yii/framework/web/CController.php(308): CInlineAction->runWithParams(Array)
#23 /var/www/html/cliente/teste/yii/framework/web/filters/CFilterChain.php(134): CController->runAction(Object(CInlineAction))
#24 /var/www/html/cliente/teste/yii/framework/web/filters/CFilter.php(40): CFilterChain->run()
#25 /var/www/html/cliente/teste/yii/framework/web/CController.php(1148): CFilter->filter(Object(CFilterChain))
#26 /var/www/html/cliente/teste/yii/framework/web/filters/CInlineFilter.php(58): CController->filterAccessControl(Object(CFilterChain))
#27 /var/www/html/cliente/teste/yii/framework/web/filters/CFilterChain.php(131): CInlineFilter->filter(Object(CFilterChain))
#28 /var/www/html/cliente/teste/yii/framework/web/CController.php(291): CFilterChain->run()
#29 /var/www/html/cliente/teste/yii/framework/web/CController.php(265): CController->runActionWithFilters(Object(CInlineAction), Array)
#30 /var/www/html/cliente/teste/yii/framework/web/CWebApplication.php(282): CController->run('index')
#31 /var/www/html/cliente/teste/yii/framework/web/CWebApplication.php(141): CWebApplication->runController('post/index')
#32 /var/www/html/cliente/teste/yii/framework/base/CApplication.php(185): CWebApplication->processRequest()
#33 /var/www/html/cliente/teste/yii/demos/blog/index.php(11): CApplication->run()
#34 {main}
REQUEST_URI=/cliente/teste/yii/demos/blog/index.php/post/index
HTTP_REFERER=http://localhost/cliente/teste/yii/demos/blog/index.php/site/login
---
2022/08/03 18:18:36 [error] [exception.CDbException] SQLSTATE[HY000] [2002] No such file or directory
2022/08/03 18:18:36 [error] [exception.CDbException] CDbException: CDbConnection failed to open the DB connection. in /var/www/html/cliente/teste/yii/framework/db/CDbConnection.php:405
Stack trace:
#0 /var/www/html/cliente/teste/yii/framework/db/CDbConnection.php(347): CDbConnection->open()
#1 /var/www/html/cliente/teste/yii/framework/db/CDbConnection.php(325): CDbConnection->setActive(true)
#2 /var/www/html/cliente/teste/yii/framework/base/CModule.php(394): CDbConnection->init()
#3 /var/www/html/cliente/teste/yii/framework/base/CApplication.php(459): CModule->getComponent('db')
#4 /var/www/html/cliente/teste/yii/framework/db/ar/CActiveRecord.php(639): CApplication->getDb()
#5 /var/www/html/cliente/teste/yii/framework/db/ar/CActiveRecord.php(672): CActiveRecord->getDbConnection()
#6 /var/www/html/cliente/teste/yii/framework/db/ar/CActiveRecord.php(1604): CActiveRecord->getCommandBuilder()
#7 /var/www/html/cliente/teste/yii/framework/web/CActiveDataProvider.php(228): CActiveRecord->count(Object(CDbCriteria))
#8 /var/www/html/cliente/teste/yii/framework/web/CDataProvider.php(224): CActiveDataProvider->calculateTotalItemCount()
#9 /var/www/html/cliente/teste/yii/framework/web/CActiveDataProvider.php(178): CDataProvider->getTotalItemCount()
#10 /var/www/html/cliente/teste/yii/framework/web/CDataProvider.php(168): CActiveDataProvider->fetchData()
#11 /var/www/html/cliente/teste/yii/framework/zii/widgets/CBaseListView.php(125): CDataProvider->getData()
#12 /var/www/html/cliente/teste/yii/framework/zii/widgets/CListView.php(211): CBaseListView->init()
#13 /var/www/html/cliente/teste/yii/framework/web/CBaseController.php(147): CListView->init()
#14 /var/www/html/cliente/teste/yii/framework/web/CBaseController.php(181): CBaseController->createWidget('zii.widgets.CLi...', Array)
#15 /var/www/html/cliente/teste/yii/demos/blog/protected/views/post/index.php(8): CBaseController->widget('zii.widgets.CLi...', Array)
#16 /var/www/html/cliente/teste/yii/framework/web/CBaseController.php(126): require('/var/www/html/c...')
#17 /var/www/html/cliente/teste/yii/framework/web/CBaseController.php(95): CBaseController->renderInternal('/var/www/html/c...', Array, true)
#18 /var/www/html/cliente/teste/yii/framework/web/CController.php(872): CBaseController->renderFile('/var/www/html/c...', Array, true)
#19 /var/www/html/cliente/teste/yii/framework/web/CController.php(785): CController->renderPartial('index', Array, true)
#20 /var/www/html/cliente/teste/yii/demos/blog/protected/controllers/PostController.php(135): CController->render('index', Array)
#21 /var/www/html/cliente/teste/yii/framework/web/actions/CInlineAction.php(49): PostController->actionIndex()
#22 /var/www/html/cliente/teste/yii/framework/web/CController.php(308): CInlineAction->runWithParams(Array)
#23 /var/www/html/cliente/teste/yii/framework/web/filters/CFilterChain.php(134): CController->runAction(Object(CInlineAction))
#24 /var/www/html/cliente/teste/yii/framework/web/filters/CFilter.php(40): CFilterChain->run()
#25 /var/www/html/cliente/teste/yii/framework/web/CController.php(1148): CFilter->filter(Object(CFilterChain))
#26 /var/www/html/cliente/teste/yii/framework/web/filters/CInlineFilter.php(58): CController->filterAccessControl(Object(CFilterChain))
#27 /var/www/html/cliente/teste/yii/framework/web/filters/CFilterChain.php(131): CInlineFilter->filter(Object(CFilterChain))
#28 /var/www/html/cliente/teste/yii/framework/web/CController.php(291): CFilterChain->run()
#29 /var/www/html/cliente/teste/yii/framework/web/CController.php(265): CController->runActionWithFilters(Object(CInlineAction), Array)
#30 /var/www/html/cliente/teste/yii/framework/web/CWebApplication.php(282): CController->run('index')
#31 /var/www/html/cliente/teste/yii/framework/web/CWebApplication.php(141): CWebApplication->runController('post/index')
#32 /var/www/html/cliente/teste/yii/framework/base/CApplication.php(185): CWebApplication->processRequest()
#33 /var/www/html/cliente/teste/yii/demos/blog/index.php(11): CApplication->run()
#34 {main}
REQUEST_URI=/cliente/teste/yii/demos/blog/index.php/post/index
HTTP_REFERER=http://localhost/cliente/teste/yii/demos/blog/index.php/site/login
---
2022/08/03 18:19:21 [error] [exception.CDbException] SQLSTATE[HY000] [2002] No such file or directory
2022/08/03 18:19:21 [error] [exception.CDbException] CDbException: CDbConnection failed to open the DB connection. in /var/www/html/cliente/teste/yii/framework/db/CDbConnection.php:405
Stack trace:
#0 /var/www/html/cliente/teste/yii/framework/db/CDbConnection.php(347): CDbConnection->open()
#1 /var/www/html/cliente/teste/yii/framework/db/CDbConnection.php(325): CDbConnection->setActive(true)
#2 /var/www/html/cliente/teste/yii/framework/base/CModule.php(394): CDbConnection->init()
#3 /var/www/html/cliente/teste/yii/framework/base/CApplication.php(459): CModule->getComponent('db')
#4 /var/www/html/cliente/teste/yii/framework/db/ar/CActiveRecord.php(639): CApplication->getDb()
#5 /var/www/html/cliente/teste/yii/framework/db/ar/CActiveRecord.php(672): CActiveRecord->getDbConnection()
#6 /var/www/html/cliente/teste/yii/framework/db/ar/CActiveRecord.php(1604): CActiveRecord->getCommandBuilder()
#7 /var/www/html/cliente/teste/yii/framework/web/CActiveDataProvider.php(228): CActiveRecord->count(Object(CDbCriteria))
#8 /var/www/html/cliente/teste/yii/framework/web/CDataProvider.php(224): CActiveDataProvider->calculateTotalItemCount()
#9 /var/www/html/cliente/teste/yii/framework/web/CActiveDataProvider.php(178): CDataProvider->getTotalItemCount()
#10 /var/www/html/cliente/teste/yii/framework/web/CDataProvider.php(168): CActiveDataProvider->fetchData()
#11 /var/www/html/cliente/teste/yii/framework/zii/widgets/CBaseListView.php(125): CDataProvider->getData()
#12 /var/www/html/cliente/teste/yii/framework/zii/widgets/CListView.php(211): CBaseListView->init()
#13 /var/www/html/cliente/teste/yii/framework/web/CBaseController.php(147): CListView->init()
#14 /var/www/html/cliente/teste/yii/framework/web/CBaseController.php(181): CBaseController->createWidget('zii.widgets.CLi...', Array)
#15 /var/www/html/cliente/teste/yii/demos/blog/protected/views/post/index.php(8): CBaseController->widget('zii.widgets.CLi...', Array)
#16 /var/www/html/cliente/teste/yii/framework/web/CBaseController.php(126): require('/var/www/html/c...')
#17 /var/www/html/cliente/teste/yii/framework/web/CBaseController.php(95): CBaseController->renderInternal('/var/www/html/c...', Array, true)
#18 /var/www/html/cliente/teste/yii/framework/web/CController.php(872): CBaseController->renderFile('/var/www/html/c...', Array, true)
#19 /var/www/html/cliente/teste/yii/framework/web/CController.php(785): CController->renderPartial('index', Array, true)
#20 /var/www/html/cliente/teste/yii/demos/blog/protected/controllers/PostController.php(135): CController->render('index', Array)
#21 /var/www/html/cliente/teste/yii/framework/web/actions/CInlineAction.php(49): PostController->actionIndex()
#22 /var/www/html/cliente/teste/yii/framework/web/CController.php(308): CInlineAction->runWithParams(Array)
#23 /var/www/html/cliente/teste/yii/framework/web/filters/CFilterChain.php(134): CController->runAction(Object(CInlineAction))
#24 /var/www/html/cliente/teste/yii/framework/web/filters/CFilter.php(40): CFilterChain->run()
#25 /var/www/html/cliente/teste/yii/framework/web/CController.php(1148): CFilter->filter(Object(CFilterChain))
#26 /var/www/html/cliente/teste/yii/framework/web/filters/CInlineFilter.php(58): CController->filterAccessControl(Object(CFilterChain))
#27 /var/www/html/cliente/teste/yii/framework/web/filters/CFilterChain.php(131): CInlineFilter->filter(Object(CFilterChain))
#28 /var/www/html/cliente/teste/yii/framework/web/CController.php(291): CFilterChain->run()
#29 /var/www/html/cliente/teste/yii/framework/web/CController.php(265): CController->runActionWithFilters(Object(CInlineAction), Array)
#30 /var/www/html/cliente/teste/yii/framework/web/CWebApplication.php(282): CController->run('index')
#31 /var/www/html/cliente/teste/yii/framework/web/CWebApplication.php(141): CWebApplication->runController('post/index')
#32 /var/www/html/cliente/teste/yii/framework/base/CApplication.php(185): CWebApplication->processRequest()
#33 /var/www/html/cliente/teste/yii/demos/blog/index.php(11): CApplication->run()
#34 {main}
REQUEST_URI=/cliente/teste/yii/demos/blog/index.php/post/index
HTTP_REFERER=http://localhost/cliente/teste/yii/demos/blog/index.php/site/login
---
2022/08/03 18:19:22 [error] [exception.CDbException] SQLSTATE[HY000] [2002] No such file or directory
2022/08/03 18:19:22 [error] [exception.CDbException] CDbException: CDbConnection failed to open the DB connection. in /var/www/html/cliente/teste/yii/framework/db/CDbConnection.php:405
Stack trace:
#0 /var/www/html/cliente/teste/yii/framework/db/CDbConnection.php(347): CDbConnection->open()
#1 /var/www/html/cliente/teste/yii/framework/db/CDbConnection.php(325): CDbConnection->setActive(true)
#2 /var/www/html/cliente/teste/yii/framework/base/CModule.php(394): CDbConnection->init()
#3 /var/www/html/cliente/teste/yii/framework/base/CApplication.php(459): CModule->getComponent('db')
#4 /var/www/html/cliente/teste/yii/framework/db/ar/CActiveRecord.php(639): CApplication->getDb()
#5 /var/www/html/cliente/teste/yii/framework/db/ar/CActiveRecord.php(672): CActiveRecord->getDbConnection()
#6 /var/www/html/cliente/teste/yii/framework/db/ar/CActiveRecord.php(1604): CActiveRecord->getCommandBuilder()
#7 /var/www/html/cliente/teste/yii/framework/web/CActiveDataProvider.php(228): CActiveRecord->count(Object(CDbCriteria))
#8 /var/www/html/cliente/teste/yii/framework/web/CDataProvider.php(224): CActiveDataProvider->calculateTotalItemCount()
#9 /var/www/html/cliente/teste/yii/framework/web/CActiveDataProvider.php(178): CDataProvider->getTotalItemCount()
#10 /var/www/html/cliente/teste/yii/framework/web/CDataProvider.php(168): CActiveDataProvider->fetchData()
#11 /var/www/html/cliente/teste/yii/framework/zii/widgets/CBaseListView.php(125): CDataProvider->getData()
#12 /var/www/html/cliente/teste/yii/framework/zii/widgets/CListView.php(211): CBaseListView->init()
#13 /var/www/html/cliente/teste/yii/framework/web/CBaseController.php(147): CListView->init()
#14 /var/www/html/cliente/teste/yii/framework/web/CBaseController.php(181): CBaseController->createWidget('zii.widgets.CLi...', Array)
#15 /var/www/html/cliente/teste/yii/demos/blog/protected/views/post/index.php(8): CBaseController->widget('zii.widgets.CLi...', Array)
#16 /var/www/html/cliente/teste/yii/framework/web/CBaseController.php(126): require('/var/www/html/c...')
#17 /var/www/html/cliente/teste/yii/framework/web/CBaseController.php(95): CBaseController->renderInternal('/var/www/html/c...', Array, true)
#18 /var/www/html/cliente/teste/yii/framework/web/CController.php(872): CBaseController->renderFile('/var/www/html/c...', Array, true)
#19 /var/www/html/cliente/teste/yii/framework/web/CController.php(785): CController->renderPartial('index', Array, true)
#20 /var/www/html/cliente/teste/yii/demos/blog/protected/controllers/PostController.php(135): CController->render('index', Array)
#21 /var/www/html/cliente/teste/yii/framework/web/actions/CInlineAction.php(49): PostController->actionIndex()
#22 /var/www/html/cliente/teste/yii/framework/web/CController.php(308): CInlineAction->runWithParams(Array)
#23 /var/www/html/cliente/teste/yii/framework/web/filters/CFilterChain.php(134): CController->runAction(Object(CInlineAction))
#24 /var/www/html/cliente/teste/yii/framework/web/filters/CFilter.php(40): CFilterChain->run()
#25 /var/www/html/cliente/teste/yii/framework/web/CController.php(1148): CFilter->filter(Object(CFilterChain))
#26 /var/www/html/cliente/teste/yii/framework/web/filters/CInlineFilter.php(58): CController->filterAccessControl(Object(CFilterChain))
#27 /var/www/html/cliente/teste/yii/framework/web/filters/CFilterChain.php(131): CInlineFilter->filter(Object(CFilterChain))
#28 /var/www/html/cliente/teste/yii/framework/web/CController.php(291): CFilterChain->run()
#29 /var/www/html/cliente/teste/yii/framework/web/CController.php(265): CController->runActionWithFilters(Object(CInlineAction), Array)
#30 /var/www/html/cliente/teste/yii/framework/web/CWebApplication.php(282): CController->run('index')
#31 /var/www/html/cliente/teste/yii/framework/web/CWebApplication.php(141): CWebApplication->runController('post/index')
#32 /var/www/html/cliente/teste/yii/framework/base/CApplication.php(185): CWebApplication->processRequest()
#33 /var/www/html/cliente/teste/yii/demos/blog/index.php(11): CApplication->run()
#34 {main}
REQUEST_URI=/cliente/teste/yii/demos/blog/index.php/post/index
HTTP_REFERER=http://localhost/cliente/teste/yii/demos/blog/index.php/site/login
---
2022/08/03 18:21:20 [error] [exception.CDbException] SQLSTATE[HY000] [2002] No such file or directory
2022/08/03 18:21:20 [error] [exception.CDbException] CDbException: CDbConnection failed to open the DB connection. in /var/www/html/cliente/teste/yii/framework/db/CDbConnection.php:405
Stack trace:
#0 /var/www/html/cliente/teste/yii/framework/db/CDbConnection.php(347): CDbConnection->open()
#1 /var/www/html/cliente/teste/yii/framework/db/CDbConnection.php(325): CDbConnection->setActive(true)
#2 /var/www/html/cliente/teste/yii/framework/base/CModule.php(394): CDbConnection->init()
#3 /var/www/html/cliente/teste/yii/framework/base/CApplication.php(459): CModule->getComponent('db')
#4 /var/www/html/cliente/teste/yii/framework/db/ar/CActiveRecord.php(639): CApplication->getDb()
#5 /var/www/html/cliente/teste/yii/framework/db/ar/CActiveRecord.php(672): CActiveRecord->getDbConnection()
#6 /var/www/html/cliente/teste/yii/framework/db/ar/CActiveRecord.php(1604): CActiveRecord->getCommandBuilder()
#7 /var/www/html/cliente/teste/yii/framework/web/CActiveDataProvider.php(228): CActiveRecord->count(Object(CDbCriteria))
#8 /var/www/html/cliente/teste/yii/framework/web/CDataProvider.php(224): CActiveDataProvider->calculateTotalItemCount()
#9 /var/www/html/cliente/teste/yii/framework/web/CActiveDataProvider.php(178): CDataProvider->getTotalItemCount()
#10 /var/www/html/cliente/teste/yii/framework/web/CDataProvider.php(168): CActiveDataProvider->fetchData()
#11 /var/www/html/cliente/teste/yii/framework/zii/widgets/CBaseListView.php(125): CDataProvider->getData()
#12 /var/www/html/cliente/teste/yii/framework/zii/widgets/CListView.php(211): CBaseListView->init()
#13 /var/www/html/cliente/teste/yii/framework/web/CBaseController.php(147): CListView->init()
#14 /var/www/html/cliente/teste/yii/framework/web/CBaseController.php(181): CBaseController->createWidget('zii.widgets.CLi...', Array)
#15 /var/www/html/cliente/teste/yii/demos/blog/protected/views/post/index.php(8): CBaseController->widget('zii.widgets.CLi...', Array)
#16 /var/www/html/cliente/teste/yii/framework/web/CBaseController.php(126): require('/var/www/html/c...')
#17 /var/www/html/cliente/teste/yii/framework/web/CBaseController.php(95): CBaseController->renderInternal('/var/www/html/c...', Array, true)
#18 /var/www/html/cliente/teste/yii/framework/web/CController.php(872): CBaseController->renderFile('/var/www/html/c...', Array, true)
#19 /var/www/html/cliente/teste/yii/framework/web/CController.php(785): CController->renderPartial('index', Array, true)
#20 /var/www/html/cliente/teste/yii/demos/blog/protected/controllers/PostController.php(135): CController->render('index', Array)
#21 /var/www/html/cliente/teste/yii/framework/web/actions/CInlineAction.php(49): PostController->actionIndex()
#22 /var/www/html/cliente/teste/yii/framework/web/CController.php(308): CInlineAction->runWithParams(Array)
#23 /var/www/html/cliente/teste/yii/framework/web/filters/CFilterChain.php(134): CController->runAction(Object(CInlineAction))
#24 /var/www/html/cliente/teste/yii/framework/web/filters/CFilter.php(40): CFilterChain->run()
#25 /var/www/html/cliente/teste/yii/framework/web/CController.php(1148): CFilter->filter(Object(CFilterChain))
#26 /var/www/html/cliente/teste/yii/framework/web/filters/CInlineFilter.php(58): CController->filterAccessControl(Object(CFilterChain))
#27 /var/www/html/cliente/teste/yii/framework/web/filters/CFilterChain.php(131): CInlineFilter->filter(Object(CFilterChain))
#28 /var/www/html/cliente/teste/yii/framework/web/CController.php(291): CFilterChain->run()
#29 /var/www/html/cliente/teste/yii/framework/web/CController.php(265): CController->runActionWithFilters(Object(CInlineAction), Array)
#30 /var/www/html/cliente/teste/yii/framework/web/CWebApplication.php(282): CController->run('index')
#31 /var/www/html/cliente/teste/yii/framework/web/CWebApplication.php(141): CWebApplication->runController('post/index')
#32 /var/www/html/cliente/teste/yii/framework/base/CApplication.php(185): CWebApplication->processRequest()
#33 /var/www/html/cliente/teste/yii/demos/blog/index.php(11): CApplication->run()
#34 {main}
REQUEST_URI=/cliente/teste/yii/demos/blog/index.php/post/index
HTTP_REFERER=http://localhost/cliente/teste/yii/demos/blog/index.php/site/login
---
2022/08/03 18:21:21 [error] [exception.CDbException] SQLSTATE[HY000] [2002] No such file or directory
2022/08/03 18:21:21 [error] [exception.CDbException] CDbException: CDbConnection failed to open the DB connection. in /var/www/html/cliente/teste/yii/framework/db/CDbConnection.php:405
Stack trace:
#0 /var/www/html/cliente/teste/yii/framework/db/CDbConnection.php(347): CDbConnection->open()
#1 /var/www/html/cliente/teste/yii/framework/db/CDbConnection.php(325): CDbConnection->setActive(true)
#2 /var/www/html/cliente/teste/yii/framework/base/CModule.php(394): CDbConnection->init()
#3 /var/www/html/cliente/teste/yii/framework/base/CApplication.php(459): CModule->getComponent('db')
#4 /var/www/html/cliente/teste/yii/framework/db/ar/CActiveRecord.php(639): CApplication->getDb()
#5 /var/www/html/cliente/teste/yii/framework/db/ar/CActiveRecord.php(672): CActiveRecord->getDbConnection()
#6 /var/www/html/cliente/teste/yii/framework/db/ar/CActiveRecord.php(1604): CActiveRecord->getCommandBuilder()
#7 /var/www/html/cliente/teste/yii/framework/web/CActiveDataProvider.php(228): CActiveRecord->count(Object(CDbCriteria))
#8 /var/www/html/cliente/teste/yii/framework/web/CDataProvider.php(224): CActiveDataProvider->calculateTotalItemCount()
#9 /var/www/html/cliente/teste/yii/framework/web/CActiveDataProvider.php(178): CDataProvider->getTotalItemCount()
#10 /var/www/html/cliente/teste/yii/framework/web/CDataProvider.php(168): CActiveDataProvider->fetchData()
#11 /var/www/html/cliente/teste/yii/framework/zii/widgets/CBaseListView.php(125): CDataProvider->getData()
#12 /var/www/html/cliente/teste/yii/framework/zii/widgets/CListView.php(211): CBaseListView->init()
#13 /var/www/html/cliente/teste/yii/framework/web/CBaseController.php(147): CListView->init()
#14 /var/www/html/cliente/teste/yii/framework/web/CBaseController.php(181): CBaseController->createWidget('zii.widgets.CLi...', Array)
#15 /var/www/html/cliente/teste/yii/demos/blog/protected/views/post/index.php(8): CBaseController->widget('zii.widgets.CLi...', Array)
#16 /var/www/html/cliente/teste/yii/framework/web/CBaseController.php(126): require('/var/www/html/c...')
#17 /var/www/html/cliente/teste/yii/framework/web/CBaseController.php(95): CBaseController->renderInternal('/var/www/html/c...', Array, true)
#18 /var/www/html/cliente/teste/yii/framework/web/CController.php(872): CBaseController->renderFile('/var/www/html/c...', Array, true)
#19 /var/www/html/cliente/teste/yii/framework/web/CController.php(785): CController->renderPartial('index', Array, true)
#20 /var/www/html/cliente/teste/yii/demos/blog/protected/controllers/PostController.php(135): CController->render('index', Array)
#21 /var/www/html/cliente/teste/yii/framework/web/actions/CInlineAction.php(49): PostController->actionIndex()
#22 /var/www/html/cliente/teste/yii/framework/web/CController.php(308): CInlineAction->runWithParams(Array)
#23 /var/www/html/cliente/teste/yii/framework/web/filters/CFilterChain.php(134): CController->runAction(Object(CInlineAction))
#24 /var/www/html/cliente/teste/yii/framework/web/filters/CFilter.php(40): CFilterChain->run()
#25 /var/www/html/cliente/teste/yii/framework/web/CController.php(1148): CFilter->filter(Object(CFilterChain))
#26 /var/www/html/cliente/teste/yii/framework/web/filters/CInlineFilter.php(58): CController->filterAccessControl(Object(CFilterChain))
#27 /var/www/html/cliente/teste/yii/framework/web/filters/CFilterChain.php(131): CInlineFilter->filter(Object(CFilterChain))
#28 /var/www/html/cliente/teste/yii/framework/web/CController.php(291): CFilterChain->run()
#29 /var/www/html/cliente/teste/yii/framework/web/CController.php(265): CController->runActionWithFilters(Object(CInlineAction), Array)
#30 /var/www/html/cliente/teste/yii/framework/web/CWebApplication.php(282): CController->run('index')
#31 /var/www/html/cliente/teste/yii/framework/web/CWebApplication.php(141): CWebApplication->runController('post/index')
#32 /var/www/html/cliente/teste/yii/framework/base/CApplication.php(185): CWebApplication->processRequest()
#33 /var/www/html/cliente/teste/yii/demos/blog/index.php(11): CApplication->run()
#34 {main}
REQUEST_URI=/cliente/teste/yii/demos/blog/index.php/post/index
HTTP_REFERER=http://localhost/cliente/teste/yii/demos/blog/index.php/site/login
---
